<?xml version="1.0" encoding="UTF-8"?>
<!-- Generated by org.testng.reporters.JUnitReportReporter -->
<testsuite skipped="0" hostname="DESKTOP-GISL81C" name="TestCases.log4jexample" tests="1" failures="0" timestamp="2021-02-27T19:31:03 IST" time="0.043" errors="0">
  <testcase name="logger" time="0.043" classname="TestCases.log4jexample"/>
  <system-out/>
</testsuite> <!-- TestCases.log4jexample -->
