<?xml version="1.0" encoding="UTF-8"?>
<!-- Generated by org.testng.reporters.JUnitReportReporter -->
<testsuite skipped="0" hostname="DESKTOP-GISL81C" name="TestCases.HttpURLConnectionPost" tests="1" failures="0" timestamp="2021-03-21T16:13:52 IST" time="0.967" errors="0">
  <testcase name="employeedetails" time="0.967" classname="TestCases.HttpURLConnectionPost"/>
  <system-out/>
</testsuite> <!-- TestCases.HttpURLConnectionPost -->
