<?xml version="1.0" encoding="UTF-8"?>
<!-- Generated by org.testng.reporters.JUnitReportReporter -->
<testsuite skipped="0" hostname="DESKTOP-GISL81C" name="TestCases.HttpURLConnectionPut" tests="1" failures="0" timestamp="2021-03-21T15:55:33 IST" time="1.847" errors="0">
  <testcase name="employeedetails" time="1.847" classname="TestCases.HttpURLConnectionPut"/>
  <system-out/>
</testsuite> <!-- TestCases.HttpURLConnectionPut -->
