<?xml version="1.0" encoding="UTF-8"?>
<!-- Generated by org.testng.reporters.JUnitReportReporter -->
<testsuite skipped="0" hostname="DESKTOP-GISL81C" name="TestCases.HttpUrlConnectionExample" tests="1" failures="0" timestamp="2021-04-05T01:59:46 IST" time="6.850" errors="0">
  <testcase name="employeedetails" time="6.850" classname="TestCases.HttpUrlConnectionExample"/>
  <system-out/>
</testsuite> <!-- TestCases.HttpUrlConnectionExample -->
