<?xml version="1.0" encoding="UTF-8"?>
<!-- Generated by org.testng.reporters.JUnitReportReporter -->
<testsuite skipped="0" hostname="DESKTOP-GISL81C" name="TestCases.DataDrivenTesting" tests="3" failures="0" timestamp="2021-03-08T12:26:14 IST" time="76.073" errors="0">
  <testcase name="orange" time="20.229" classname="TestCases.DataDrivenTesting"/>
  <system-out/>
  <testcase name="orange" time="26.773" classname="TestCases.DataDrivenTesting"/>
  <system-out/>
  <testcase name="orange" time="29.071" classname="TestCases.DataDrivenTesting"/>
  <system-out/>
</testsuite> <!-- TestCases.DataDrivenTesting -->
