<?xml version="1.0" encoding="UTF-8"?>
<!-- Generated by org.testng.reporters.JUnitReportReporter -->
<testsuite skipped="0" hostname="DESKTOP-GISL81C" name="CommonFunctions.ReaddatafromJson" tests="1" failures="0" timestamp="2021-03-25T23:48:23 IST" time="0.064" errors="0">
  <testcase name="jsonwriter" time="0.064" classname="CommonFunctions.ReaddatafromJson"/>
  <system-out/>
</testsuite> <!-- CommonFunctions.ReaddatafromJson -->
