<?xml version="1.0" encoding="UTF-8"?>
<!-- Generated by org.testng.reporters.JUnitReportReporter -->
<testsuite skipped="0" hostname="DESKTOP-GISL81C" name="TestCases.DynamicWebTable" tests="1" failures="0" timestamp="2021-06-20T15:23:47 IST" time="10.605" errors="0">
  <testcase name="dynamicvaluesvalidation" time="10.605" classname="TestCases.DynamicWebTable"/>
  <system-out/>
</testsuite> <!-- TestCases.DynamicWebTable -->
